<?xml version="1.0" encoding="UTF-8"?>
<!-- Generated by org.testng.reporters.JUnitXMLReporter -->
<testsuite hostname="MacBookPro.local" ignored="0" name="Chrome Test" tests="3" failures="1" timestamp="20 Jun 2019 23:08:24 GMT" time="9.219" errors="0">
  <testcase name="verifyTheTitleOfTheLoginPage" time="0.207" classname="day7TestNG.Guru99Testng"/>
  <testcase name="verifyLoginToGuru99" time="1.369" classname="day7TestNG.Guru99Testng">
    <failure type="java.lang.AssertionError" message="expected [Manager ID : mngr201392] but found [Manger Id : mngr201392]">
      <![CDATA[java.lang.AssertionError: expected [Manager ID : mngr201392] but found [Manger Id : mngr201392]
at day7TestNG.Guru99Testng.verifyLoginToGuru99(Guru99Testng.java:68)
at java.util.concurrent.FutureTask.run(FutureTask.java:266)
at java.util.concurrent.ThreadPoolExecutor.runWorker(ThreadPoolExecutor.java:1149)
at java.util.concurrent.ThreadPoolExecutor$Worker.run(ThreadPoolExecutor.java:624)
at java.lang.Thread.run(Thread.java:748)
... Removed 22 stack frames]]>
    </failure>
  </testcase> <!-- verifyLoginToGuru99 -->
  <testcase name="verifyLogout" time="4.184" classname="day7TestNG.Guru99Testng"/>
</testsuite> <!-- Chrome Test -->
