<?xml version="1.0" encoding="UTF-8"?>
<!-- Generated by org.testng.reporters.JUnitXMLReporter -->
<testsuite hostname="MacBookPro.local" ignored="0" name="Guru99 Test" tests="3" failures="0" timestamp="19 Jun 2019 18:13:18 GMT" time="0.04" errors="0">
  <testcase name="@BeforeClass invokeBrowser" time="0.011" classname="day7TestNG.Guru99Testng">
    <failure type="java.lang.NullPointerException">
      <![CDATA[java.lang.NullPointerException
at day7TestNG.Guru99Testng.invokeBrowser(Guru99Testng.java:38)
... Removed 26 stack frames]]>
    </failure>
  </testcase> <!-- @BeforeClass invokeBrowser -->
  <testcase name="@AfterClass closeBrowser" time="0.0" classname="day7TestNG.Guru99Testng">
    <skipped/>
  </testcase> <!-- @AfterClass closeBrowser -->
  <testcase name="verifyTheTitleOfTheLoginPage" time="0.0" classname="day7TestNG.Guru99Testng">
    <skipped/>
  </testcase> <!-- verifyTheTitleOfTheLoginPage -->
  <testcase name="verifyLoginToGuru99" time="0.0" classname="day7TestNG.Guru99Testng">
    <skipped/>
  </testcase> <!-- verifyLoginToGuru99 -->
  <testcase name="verifyLogout" time="0.0" classname="day7TestNG.Guru99Testng">
    <skipped/>
  </testcase> <!-- verifyLogout -->
</testsuite> <!-- Guru99 Test -->
