<?xml version="1.0" encoding="UTF-8"?>
<!-- Generated by org.testng.reporters.JUnitXMLReporter -->
<testsuite hostname="MacBookPro.local" ignored="0" name="Login Feature Test" tests="3" failures="1" timestamp="21 Jun 2019 00:15:48 GMT" time="7.997" errors="0">
  <testcase name="verifyTheTitleOfTheLoginPage" time="0.079" classname="day7TestNG.Guru99LoginFeature"/>
  <testcase name="verifyLoginToGuru99" time="0.867" classname="day7TestNG.Guru99LoginFeature">
    <failure type="java.lang.AssertionError" message="expected [Manager ID : mngr201392] but found [Manger Id : mngr201392]">
      <![CDATA[java.lang.AssertionError: expected [Manager ID : mngr201392] but found [Manger Id : mngr201392]
at day7TestNG.Guru99LoginFeature.verifyLoginToGuru99(Guru99LoginFeature.java:56)
... Removed 31 stack frames]]>
    </failure>
  </testcase> <!-- verifyLoginToGuru99 -->
  <testcase name="verifyLogout" time="3.895" classname="day7TestNG.Guru99LoginFeature"/>
</testsuite> <!-- Login Feature Test -->
