<?xml version="1.0" encoding="UTF-8"?>
<!-- Generated by org.testng.reporters.JUnitXMLReporter -->
<testsuite hostname="MacBookPro.local" ignored="0" name="guru99 test" tests="3" failures="0" timestamp="19 Jun 2019 17:02:06 GMT" time="9.327" errors="0">
  <testcase name="verifyTheTitleOfTheLoginPage" time="0.16" classname="day7TestNG.Guru99Testng"/>
  <testcase name="verifyLoginToGuru99" time="0.955" classname="day7TestNG.Guru99Testng"/>
  <testcase name="verifyLogout" time="4.049" classname="day7TestNG.Guru99Testng"/>
</testsuite> <!-- guru99 test -->
