<?xml version="1.0" encoding="UTF-8"?>
<!-- Generated by org.testng.reporters.JUnitXMLReporter -->
<testsuite hostname="MacBookPro.local" ignored="2" name="Multiple class Test" tests="12" failures="0" timestamp="21 Jun 2019 00:45:44 GMT" time="0.054" errors="0">
  <testcase name="testcase1" time="0.01" classname="day7.TestngTesting2"/>
  <testcase name="testcase1" time="0.001" classname="day7.TestngTesting1"/>
  <testcase name="testcase7" time="0.0" classname="day7.TestngTesting2"/>
  <testcase name="testcase3" time="0.001" classname="day7.TestngTesting2"/>
  <testcase name="testcase3" time="0.001" classname="day7.TestngTesting2"/>
  <testcase name="testcase3" time="0.001" classname="day7.TestngTesting2"/>
  <testcase name="testcase3" time="0.001" classname="day7.TestngTesting2"/>
  <testcase name="testcase3" time="0.001" classname="day7.TestngTesting1"/>
  <testcase name="testcase3" time="0.001" classname="day7.TestngTesting1"/>
  <testcase name="testcase3" time="0.001" classname="day7.TestngTesting1"/>
  <testcase name="testcase3" time="0.001" classname="day7.TestngTesting1"/>
  <testcase name="testcase7" time="0.001" classname="day7.TestngTesting1"/>
  <testcase name="testcase5" time="0.0" classname="day7.TestngTesting2">
    <ignored/>
  </testcase> <!-- testcase5 -->
  <testcase name="testcase5" time="0.0" classname="day7.TestngTesting1">
    <ignored/>
  </testcase> <!-- testcase5 -->
</testsuite> <!-- Multiple class Test -->
